<?xml version="1.0" encoding="UTF-8"?>
<coverage generated="1709453250198" clover="3.2.0">
  <project timestamp="1709453250198" name="All files">
    <metrics statements="72" coveredstatements="64" conditionals="30" coveredconditionals="27" methods="31" coveredmethods="24" elements="133" coveredelements="115" complexity="0" loc="72" ncloc="72" packages="2" files="8" classes="8"/>
    <package name="components">
      <metrics statements="62" coveredstatements="56" conditionals="30" coveredconditionals="27" methods="26" coveredmethods="22"/>
      <file name="Body.js" path="C:\Users\sr953f\Downloads\React - Learning\src\components\Body.js">
        <metrics statements="25" coveredstatements="22" conditionals="8" coveredconditionals="7" methods="10" coveredmethods="9"/>
        <line num="9" count="1" type="stmt"/>
        <line num="10" count="9" type="stmt"/>
        <line num="11" count="9" type="stmt"/>
        <line num="12" count="9" type="stmt"/>
        <line num="13" count="9" type="stmt"/>
        <line num="14" count="9" type="stmt"/>
        <line num="15" count="9" type="stmt"/>
        <line num="16" count="9" type="stmt"/>
        <line num="17" count="4" type="cond" truecount="2" falsecount="0"/>
        <line num="20" count="9" type="stmt"/>
        <line num="21" count="1" type="stmt"/>
        <line num="22" count="9" type="stmt"/>
        <line num="24" count="1" type="stmt"/>
        <line num="26" count="9" type="stmt"/>
        <line num="27" count="1" type="stmt"/>
        <line num="28" count="9" type="stmt"/>
        <line num="30" count="1" type="stmt"/>
        <line num="33" count="9" type="cond" truecount="1" falsecount="1"/>
        <line num="34" count="0" type="stmt"/>
        <line num="37" count="9" type="cond" truecount="2" falsecount="0"/>
        <line num="48" count="1" type="stmt"/>
        <line num="53" count="1" type="stmt"/>
        <line num="60" count="0" type="stmt"/>
        <line num="61" count="0" type="stmt"/>
        <line num="75" count="33" type="stmt"/>
      </file>
      <file name="Header.js" path="C:\Users\sr953f\Downloads\React - Learning\src\components\Header.js">
        <metrics statements="7" coveredstatements="7" conditionals="4" coveredconditionals="3" methods="3" coveredmethods="3"/>
        <line num="8" count="2" type="stmt"/>
        <line num="9" count="4" type="stmt"/>
        <line num="10" count="4" type="stmt"/>
        <line num="11" count="4" type="stmt"/>
        <line num="12" count="6" type="stmt"/>
        <line num="14" count="4" type="stmt"/>
        <line num="37" count="2" type="cond" truecount="2" falsecount="0"/>
      </file>
      <file name="ItemList.js" path="C:\Users\sr953f\Downloads\React - Learning\src\components\ItemList.js">
        <metrics statements="12" coveredstatements="9" conditionals="10" coveredconditionals="9" methods="6" coveredmethods="3"/>
        <line num="6" count="1" type="stmt"/>
        <line num="7" count="270" type="cond" truecount="2" falsecount="0"/>
        <line num="8" count="270" type="stmt"/>
        <line num="10" count="270" type="stmt"/>
        <line num="11" count="0" type="stmt"/>
        <line num="14" count="270" type="stmt"/>
        <line num="38" count="0" type="stmt"/>
        <line num="48" count="0" type="stmt"/>
        <line num="58" count="1" type="stmt"/>
        <line num="59" count="1" type="stmt"/>
        <line num="60" count="270" type="stmt"/>
        <line num="61" count="270" type="stmt"/>
      </file>
      <file name="RestaurantCard.js" path="C:\Users\sr953f\Downloads\React - Learning\src\components\RestaurantCard.js">
        <metrics statements="6" coveredstatements="6" conditionals="0" coveredconditionals="0" methods="3" coveredmethods="3"/>
        <line num="3" count="2" type="stmt"/>
        <line num="8" count="35" type="stmt"/>
        <line num="9" count="35" type="stmt"/>
        <line num="62" count="2" type="stmt"/>
        <line num="63" count="10" type="stmt"/>
        <line num="64" count="21" type="stmt"/>
      </file>
      <file name="RestaurantMenu.js" path="C:\Users\sr953f\Downloads\React - Learning\src\components\RestaurantMenu.js">
        <metrics statements="12" coveredstatements="12" conditionals="8" coveredconditionals="8" methods="4" coveredmethods="4"/>
        <line num="7" count="1" type="stmt"/>
        <line num="8" count="4" type="stmt"/>
        <line num="9" count="4" type="stmt"/>
        <line num="10" count="4" type="stmt"/>
        <line num="11" count="4" type="cond" truecount="2" falsecount="0"/>
        <line num="13" count="3" type="stmt"/>
        <line num="15" count="42" type="stmt"/>
        <line num="19" count="3" type="stmt"/>
        <line num="20" count="2" type="cond" truecount="2" falsecount="0"/>
        <line num="21" count="1" type="stmt"/>
        <line num="23" count="3" type="stmt"/>
        <line num="34" count="21" type="stmt"/>
      </file>
    </package>
    <package name="utils">
      <metrics statements="10" coveredstatements="8" conditionals="0" coveredconditionals="0" methods="5" coveredmethods="2"/>
      <file name="UserContext.js" path="C:\Users\sr953f\Downloads\React - Learning\src\utils\UserContext.js">
        <metrics statements="1" coveredstatements="1" conditionals="0" coveredconditionals="0" methods="1" coveredmethods="0"/>
        <line num="3" count="3" type="stmt"/>
      </file>
      <file name="appStore.js" path="C:\Users\sr953f\Downloads\React - Learning\src\utils\appStore.js">
        <metrics statements="1" coveredstatements="1" conditionals="0" coveredconditionals="0" methods="0" coveredmethods="0"/>
        <line num="4" count="2" type="stmt"/>
      </file>
      <file name="useOnlineStatus.js" path="C:\Users\sr953f\Downloads\React - Learning\src\utils\useOnlineStatus.js">
        <metrics statements="8" coveredstatements="6" conditionals="0" coveredconditionals="0" methods="4" coveredmethods="2"/>
        <line num="3" count="3" type="stmt"/>
        <line num="4" count="14" type="stmt"/>
        <line num="6" count="14" type="stmt"/>
        <line num="7" count="5" type="stmt"/>
        <line num="8" count="0" type="stmt"/>
        <line num="10" count="5" type="stmt"/>
        <line num="11" count="0" type="stmt"/>
        <line num="15" count="14" type="stmt"/>
      </file>
    </package>
  </project>
</coverage>
