{"C:\\Users\\sr953f\\Downloads\\React - Learning\\src\\components\\Body.js": {"path":"C:\\Users\\sr953f\\Downloads\\React - Learning\\src\\components\\Body.js","statementMap":{"0":{"start":{"line":9,"column":13},"end":{"line":84,"column":1}},"1":{"start":{"line":10,"column":54},"end":{"line":10,"column":66}},"2":{"start":{"line":11,"column":38},"end":{"line":11,"column":50}},"3":{"start":{"line":12,"column":27},"end":{"line":12,"column":42}},"4":{"start":{"line":13,"column":23},"end":{"line":13,"column":40}},"5":{"start":{"line":14,"column":33},"end":{"line":14,"column":66}},"6":{"start":{"line":15,"column":28},"end":{"line":15,"column":51}},"7":{"start":{"line":16,"column":2},"end":{"line":18,"column":25}},"8":{"start":{"line":17,"column":4},"end":{"line":17,"column":72}},"9":{"start":{"line":20,"column":24},"end":{"line":25,"column":3}},"10":{"start":{"line":21,"column":31},"end":{"line":23,"column":5}},"11":{"start":{"line":22,"column":15},"end":{"line":22,"column":42}},"12":{"start":{"line":24,"column":4},"end":{"line":24,"column":46}},"13":{"start":{"line":26,"column":24},"end":{"line":31,"column":3}},"14":{"start":{"line":27,"column":31},"end":{"line":29,"column":5}},"15":{"start":{"line":28,"column":6},"end":{"line":28,"column":73}},"16":{"start":{"line":30,"column":4},"end":{"line":30,"column":46}},"17":{"start":{"line":33,"column":2},"end":{"line":36,"column":6}},"18":{"start":{"line":34,"column":4},"end":{"line":36,"column":6}},"19":{"start":{"line":37,"column":2},"end":{"line":83,"column":4}},"20":{"start":{"line":48,"column":29},"end":{"line":48,"column":60}},"21":{"start":{"line":53,"column":27},"end":{"line":53,"column":42}},"22":{"start":{"line":60,"column":28},"end":{"line":60,"column":55}},"23":{"start":{"line":61,"column":14},"end":{"line":61,"column":41}},"24":{"start":{"line":75,"column":10},"end":{"line":79,"column":17}}},"fnMap":{"0":{"name":"(anonymous_0)","decl":{"start":{"line":9,"column":13},"end":{"line":9,"column":14}},"loc":{"start":{"line":9,"column":24},"end":{"line":84,"column":1}},"line":9},"1":{"name":"(anonymous_1)","decl":{"start":{"line":16,"column":12},"end":{"line":16,"column":13}},"loc":{"start":{"line":16,"column":18},"end":{"line":18,"column":3}},"line":16},"2":{"name":"(anonymous_2)","decl":{"start":{"line":20,"column":24},"end":{"line":20,"column":25}},"loc":{"start":{"line":20,"column":30},"end":{"line":25,"column":3}},"line":20},"3":{"name":"(anonymous_3)","decl":{"start":{"line":22,"column":6},"end":{"line":22,"column":7}},"loc":{"start":{"line":22,"column":15},"end":{"line":22,"column":42}},"line":22},"4":{"name":"(anonymous_4)","decl":{"start":{"line":26,"column":24},"end":{"line":26,"column":25}},"loc":{"start":{"line":26,"column":30},"end":{"line":31,"column":3}},"line":26},"5":{"name":"(anonymous_5)","decl":{"start":{"line":27,"column":56},"end":{"line":27,"column":57}},"loc":{"start":{"line":28,"column":6},"end":{"line":28,"column":73}},"line":28},"6":{"name":"(anonymous_6)","decl":{"start":{"line":48,"column":22},"end":{"line":48,"column":23}},"loc":{"start":{"line":48,"column":29},"end":{"line":48,"column":60}},"line":48},"7":{"name":"(anonymous_7)","decl":{"start":{"line":53,"column":21},"end":{"line":53,"column":22}},"loc":{"start":{"line":53,"column":27},"end":{"line":53,"column":42}},"line":53},"8":{"name":"(anonymous_8)","decl":{"start":{"line":60,"column":22},"end":{"line":60,"column":23}},"loc":{"start":{"line":60,"column":27},"end":{"line":61,"column":42}},"line":60},"9":{"name":"(anonymous_9)","decl":{"start":{"line":74,"column":33},"end":{"line":74,"column":34}},"loc":{"start":{"line":75,"column":10},"end":{"line":79,"column":17}},"line":75}},"branchMap":{"0":{"loc":{"start":{"line":17,"column":4},"end":{"line":17,"column":71}},"type":"binary-expr","locations":[{"start":{"line":17,"column":4},"end":{"line":17,"column":28}},{"start":{"line":17,"column":32},"end":{"line":17,"column":71}}],"line":17},"1":{"loc":{"start":{"line":33,"column":2},"end":{"line":36,"column":6}},"type":"if","locations":[{"start":{"line":33,"column":2},"end":{"line":36,"column":6}},{"start":{},"end":{}}],"line":33},"2":{"loc":{"start":{"line":37,"column":9},"end":{"line":83,"column":3}},"type":"cond-expr","locations":[{"start":{"line":38,"column":4},"end":{"line":38,"column":15}},{"start":{"line":40,"column":4},"end":{"line":82,"column":10}}],"line":37},"3":{"loc":{"start":{"line":77,"column":14},"end":{"line":77,"column":119}},"type":"cond-expr","locations":[{"start":{"line":77,"column":44},"end":{"line":77,"column":84}},{"start":{"line":77,"column":87},"end":{"line":77,"column":119}}],"line":77}},"s":{"0":1,"1":9,"2":9,"3":9,"4":9,"5":9,"6":9,"7":9,"8":4,"9":9,"10":1,"11":9,"12":1,"13":9,"14":1,"15":9,"16":1,"17":9,"18":0,"19":9,"20":1,"21":1,"22":0,"23":0,"24":33},"f":{"0":9,"1":4,"2":1,"3":9,"4":1,"5":9,"6":1,"7":1,"8":0,"9":33},"b":{"0":[4,2],"1":[0,9],"2":[2,7],"3":[20,13]},"_coverageSchema":"1a1c01bbd47fc00a2c39e90264f33305004495a9","hash":"de45186c0e21ce935442952b9858b498e66b58c9"}
,"C:\\Users\\sr953f\\Downloads\\React - Learning\\src\\components\\Header.js": {"path":"C:\\Users\\sr953f\\Downloads\\React - Learning\\src\\components\\Header.js","statementMap":{"0":{"start":{"line":8,"column":15},"end":{"line":45,"column":1}},"1":{"start":{"line":9,"column":32},"end":{"line":9,"column":49}},"2":{"start":{"line":10,"column":23},"end":{"line":10,"column":40}},"3":{"start":{"line":11,"column":15},"end":{"line":11,"column":38}},"4":{"start":{"line":12,"column":20},"end":{"line":12,"column":60}},"5":{"start":{"line":12,"column":43},"end":{"line":12,"column":59}},"6":{"start":{"line":14,"column":2},"end":{"line":44,"column":4}},"7":{"start":{"line":37,"column":27},"end":{"line":37,"column":81}}},"fnMap":{"0":{"name":"(anonymous_0)","decl":{"start":{"line":8,"column":15},"end":{"line":8,"column":16}},"loc":{"start":{"line":8,"column":21},"end":{"line":45,"column":1}},"line":8},"1":{"name":"(anonymous_1)","decl":{"start":{"line":12,"column":32},"end":{"line":12,"column":33}},"loc":{"start":{"line":12,"column":43},"end":{"line":12,"column":59}},"line":12},"2":{"name":"(anonymous_2)","decl":{"start":{"line":37,"column":21},"end":{"line":37,"column":22}},"loc":{"start":{"line":37,"column":27},"end":{"line":37,"column":81}},"line":37}},"branchMap":{"0":{"loc":{"start":{"line":21,"column":32},"end":{"line":21,"column":56}},"type":"cond-expr","locations":[{"start":{"line":21,"column":47},"end":{"line":21,"column":50}},{"start":{"line":21,"column":53},"end":{"line":21,"column":56}}],"line":21},"1":{"loc":{"start":{"line":37,"column":38},"end":{"line":37,"column":80}},"type":"cond-expr","locations":[{"start":{"line":37,"column":60},"end":{"line":37,"column":70}},{"start":{"line":37,"column":73},"end":{"line":37,"column":80}}],"line":37}},"s":{"0":2,"1":4,"2":4,"3":4,"4":4,"5":6,"6":4,"7":2},"f":{"0":4,"1":6,"2":2},"b":{"0":[4,0],"1":[1,1]},"_coverageSchema":"1a1c01bbd47fc00a2c39e90264f33305004495a9","hash":"4feb944d631bead59d486ef91257661ef6a0691f"}
,"C:\\Users\\sr953f\\Downloads\\React - Learning\\src\\components\\ItemList.js": {"path":"C:\\Users\\sr953f\\Downloads\\React - Learning\\src\\components\\ItemList.js","statementMap":{"0":{"start":{"line":6,"column":17},"end":{"line":56,"column":1}},"1":{"start":{"line":7,"column":16},"end":{"line":7,"column":61}},"2":{"start":{"line":8,"column":19},"end":{"line":8,"column":32}},"3":{"start":{"line":10,"column":24},"end":{"line":12,"column":3}},"4":{"start":{"line":11,"column":4},"end":{"line":11,"column":27}},"5":{"start":{"line":14,"column":2},"end":{"line":55,"column":4}},"6":{"start":{"line":38,"column":29},"end":{"line":38,"column":48}},"7":{"start":{"line":48,"column":27},"end":{"line":48,"column":46}},"8":{"start":{"line":58,"column":23},"end":{"line":83,"column":1}},"9":{"start":{"line":59,"column":2},"end":{"line":82,"column":4}},"10":{"start":{"line":60,"column":25},"end":{"line":60,"column":56}},"11":{"start":{"line":61,"column":4},"end":{"line":81,"column":6}}},"fnMap":{"0":{"name":"(anonymous_0)","decl":{"start":{"line":6,"column":17},"end":{"line":6,"column":18}},"loc":{"start":{"line":6,"column":41},"end":{"line":56,"column":1}},"line":6},"1":{"name":"(anonymous_1)","decl":{"start":{"line":10,"column":24},"end":{"line":10,"column":25}},"loc":{"start":{"line":10,"column":34},"end":{"line":12,"column":3}},"line":10},"2":{"name":"(anonymous_2)","decl":{"start":{"line":38,"column":23},"end":{"line":38,"column":24}},"loc":{"start":{"line":38,"column":29},"end":{"line":38,"column":48}},"line":38},"3":{"name":"(anonymous_3)","decl":{"start":{"line":48,"column":21},"end":{"line":48,"column":22}},"loc":{"start":{"line":48,"column":27},"end":{"line":48,"column":46}},"line":48},"4":{"name":"(anonymous_4)","decl":{"start":{"line":58,"column":23},"end":{"line":58,"column":24}},"loc":{"start":{"line":58,"column":37},"end":{"line":83,"column":1}},"line":58},"5":{"name":"(anonymous_5)","decl":{"start":{"line":59,"column":9},"end":{"line":59,"column":10}},"loc":{"start":{"line":59,"column":20},"end":{"line":82,"column":3}},"line":59}},"branchMap":{"0":{"loc":{"start":{"line":7,"column":16},"end":{"line":7,"column":61}},"type":"binary-expr","locations":[{"start":{"line":7,"column":16},"end":{"line":7,"column":33}},{"start":{"line":7,"column":37},"end":{"line":7,"column":61}}],"line":7},"1":{"loc":{"start":{"line":17,"column":8},"end":{"line":17,"column":37}},"type":"cond-expr","locations":[{"start":{"line":17,"column":19},"end":{"line":17,"column":27}},{"start":{"line":17,"column":30},"end":{"line":17,"column":37}}],"line":17},"2":{"loc":{"start":{"line":28,"column":9},"end":{"line":43,"column":9}},"type":"binary-expr","locations":[{"start":{"line":28,"column":9},"end":{"line":28,"column":28}},{"start":{"line":29,"column":10},"end":{"line":42,"column":16}}],"line":28},"3":{"loc":{"start":{"line":44,"column":9},"end":{"line":52,"column":9}},"type":"binary-expr","locations":[{"start":{"line":44,"column":9},"end":{"line":44,"column":29}},{"start":{"line":45,"column":10},"end":{"line":51,"column":19}}],"line":44},"4":{"loc":{"start":{"line":63,"column":9},"end":{"line":78,"column":9}},"type":"binary-expr","locations":[{"start":{"line":63,"column":9},"end":{"line":63,"column":21}},{"start":{"line":64,"column":10},"end":{"line":77,"column":14}}],"line":63}},"s":{"0":1,"1":270,"2":270,"3":270,"4":0,"5":270,"6":0,"7":0,"8":1,"9":1,"10":270,"11":270},"f":{"0":270,"1":0,"2":0,"3":0,"4":1,"5":270},"b":{"0":[270,135],"1":[236,34],"2":[270,270],"3":[270,0],"4":[270,24]},"_coverageSchema":"1a1c01bbd47fc00a2c39e90264f33305004495a9","hash":"69440f7719dee24bac7f82ecf389f0d1035d97c5"}
,"C:\\Users\\sr953f\\Downloads\\React - Learning\\src\\components\\RestaurantCard.js": {"path":"C:\\Users\\sr953f\\Downloads\\React - Learning\\src\\components\\RestaurantCard.js","statementMap":{"0":{"start":{"line":3,"column":23},"end":{"line":56,"column":1}},"1":{"start":{"line":8,"column":6},"end":{"line":8,"column":11}},"2":{"start":{"line":9,"column":2},"end":{"line":55,"column":4}},"3":{"start":{"line":62,"column":33},"end":{"line":73,"column":1}},"4":{"start":{"line":63,"column":2},"end":{"line":72,"column":4}},"5":{"start":{"line":64,"column":4},"end":{"line":71,"column":6}}},"fnMap":{"0":{"name":"(anonymous_0)","decl":{"start":{"line":3,"column":23},"end":{"line":3,"column":24}},"loc":{"start":{"line":3,"column":34},"end":{"line":56,"column":1}},"line":3},"1":{"name":"(anonymous_1)","decl":{"start":{"line":62,"column":33},"end":{"line":62,"column":34}},"loc":{"start":{"line":62,"column":53},"end":{"line":73,"column":1}},"line":62},"2":{"name":"(anonymous_2)","decl":{"start":{"line":63,"column":9},"end":{"line":63,"column":10}},"loc":{"start":{"line":63,"column":20},"end":{"line":72,"column":3}},"line":63}},"branchMap":{},"s":{"0":2,"1":35,"2":35,"3":2,"4":10,"5":21},"f":{"0":35,"1":10,"2":21},"b":{},"_coverageSchema":"1a1c01bbd47fc00a2c39e90264f33305004495a9","hash":"d5e860d300d2b09598dcfacc5976f8a968b5f60e"}
,"C:\\Users\\sr953f\\Downloads\\React - Learning\\src\\components\\RestaurantMenu.js": {"path":"C:\\Users\\sr953f\\Downloads\\React - Learning\\src\\components\\RestaurantMenu.js","statementMap":{"0":{"start":{"line":7,"column":23},"end":{"line":52,"column":1}},"1":{"start":{"line":8,"column":17},"end":{"line":8,"column":28}},"2":{"start":{"line":9,"column":18},"end":{"line":9,"column":39}},"3":{"start":{"line":10,"column":36},"end":{"line":10,"column":47}},"4":{"start":{"line":11,"column":2},"end":{"line":11,"column":43}},"5":{"start":{"line":11,"column":24},"end":{"line":11,"column":43}},"6":{"start":{"line":13,"column":4},"end":{"line":17,"column":5}},"7":{"start":{"line":15,"column":8},"end":{"line":16,"column":70}},"8":{"start":{"line":19,"column":21},"end":{"line":22,"column":5}},"9":{"start":{"line":20,"column":6},"end":{"line":21,"column":26}},"10":{"start":{"line":20,"column":24},"end":{"line":20,"column":42}},"11":{"start":{"line":21,"column":11},"end":{"line":21,"column":26}},"12":{"start":{"line":23,"column":2},"end":{"line":51,"column":4}},"13":{"start":{"line":34,"column":10},"end":{"line":47,"column":12}}},"fnMap":{"0":{"name":"(anonymous_0)","decl":{"start":{"line":7,"column":23},"end":{"line":7,"column":24}},"loc":{"start":{"line":7,"column":29},"end":{"line":52,"column":1}},"line":7},"1":{"name":"(anonymous_1)","decl":{"start":{"line":14,"column":6},"end":{"line":14,"column":7}},"loc":{"start":{"line":15,"column":8},"end":{"line":16,"column":70}},"line":15},"2":{"name":"(anonymous_2)","decl":{"start":{"line":19,"column":21},"end":{"line":19,"column":22}},"loc":{"start":{"line":19,"column":28},"end":{"line":22,"column":5}},"line":19},"3":{"name":"(anonymous_3)","decl":{"start":{"line":33,"column":25},"end":{"line":33,"column":26}},"loc":{"start":{"line":33,"column":38},"end":{"line":48,"column":9}},"line":33}},"branchMap":{"0":{"loc":{"start":{"line":11,"column":2},"end":{"line":11,"column":43}},"type":"if","locations":[{"start":{"line":11,"column":2},"end":{"line":11,"column":43}},{"start":{},"end":{}}],"line":11},"1":{"loc":{"start":{"line":20,"column":6},"end":{"line":21,"column":26}},"type":"if","locations":[{"start":{"line":20,"column":6},"end":{"line":21,"column":26}},{"start":{"line":21,"column":11},"end":{"line":21,"column":26}}],"line":20},"2":{"loc":{"start":{"line":36,"column":15},"end":{"line":44,"column":15}},"type":"binary-expr","locations":[{"start":{"line":36,"column":15},"end":{"line":36,"column":38}},{"start":{"line":37,"column":16},"end":{"line":43,"column":18}}],"line":36},"3":{"loc":{"start":{"line":41,"column":28},"end":{"line":41,"column":58}},"type":"cond-expr","locations":[{"start":{"line":41,"column":46},"end":{"line":41,"column":50}},{"start":{"line":41,"column":53},"end":{"line":41,"column":58}}],"line":41}},"s":{"0":1,"1":4,"2":4,"3":4,"4":4,"5":1,"6":3,"7":42,"8":3,"9":2,"10":1,"11":1,"12":3,"13":21},"f":{"0":4,"1":42,"2":2,"3":21},"b":{"0":[1,3],"1":[1,1],"2":[21,21],"3":[19,2]},"_coverageSchema":"1a1c01bbd47fc00a2c39e90264f33305004495a9","hash":"1437eaba9a37039141bff59015855676b89bd4e5"}
,"C:\\Users\\sr953f\\Downloads\\React - Learning\\src\\utils\\UserContext.js": {"path":"C:\\Users\\sr953f\\Downloads\\React - Learning\\src\\utils\\UserContext.js","statementMap":{"0":{"start":{"line":3,"column":20},"end":{"line":3,"column":83}}},"fnMap":{"0":{"name":"(anonymous_0)","decl":{"start":{"line":3,"column":73},"end":{"line":3,"column":74}},"loc":{"start":{"line":3,"column":79},"end":{"line":3,"column":81}},"line":3}},"branchMap":{},"s":{"0":3},"f":{"0":0},"b":{},"_coverageSchema":"1a1c01bbd47fc00a2c39e90264f33305004495a9","hash":"0d9923dd23b4a6778469290c18b18adb514798bc"}
,"C:\\Users\\sr953f\\Downloads\\React - Learning\\src\\utils\\appStore.js": {"path":"C:\\Users\\sr953f\\Downloads\\React - Learning\\src\\utils\\appStore.js","statementMap":{"0":{"start":{"line":4,"column":17},"end":{"line":8,"column":2}}},"fnMap":{},"branchMap":{},"s":{"0":2},"f":{},"b":{},"_coverageSchema":"1a1c01bbd47fc00a2c39e90264f33305004495a9","hash":"225a13d1b70ffbc8da69c0ffbe6633047bfdbc00"}
,"C:\\Users\\sr953f\\Downloads\\React - Learning\\src\\utils\\useOnlineStatus.js": {"path":"C:\\Users\\sr953f\\Downloads\\React - Learning\\src\\utils\\useOnlineStatus.js","statementMap":{"0":{"start":{"line":3,"column":24},"end":{"line":16,"column":1}},"1":{"start":{"line":4,"column":42},"end":{"line":4,"column":56}},"2":{"start":{"line":6,"column":2},"end":{"line":13,"column":9}},"3":{"start":{"line":7,"column":4},"end":{"line":9,"column":7}},"4":{"start":{"line":8,"column":6},"end":{"line":8,"column":29}},"5":{"start":{"line":10,"column":4},"end":{"line":12,"column":7}},"6":{"start":{"line":11,"column":6},"end":{"line":11,"column":28}},"7":{"start":{"line":15,"column":2},"end":{"line":15,"column":22}}},"fnMap":{"0":{"name":"(anonymous_0)","decl":{"start":{"line":3,"column":24},"end":{"line":3,"column":25}},"loc":{"start":{"line":3,"column":30},"end":{"line":16,"column":1}},"line":3},"1":{"name":"(anonymous_1)","decl":{"start":{"line":6,"column":12},"end":{"line":6,"column":13}},"loc":{"start":{"line":6,"column":18},"end":{"line":13,"column":3}},"line":6},"2":{"name":"(anonymous_2)","decl":{"start":{"line":7,"column":39},"end":{"line":7,"column":40}},"loc":{"start":{"line":7,"column":45},"end":{"line":9,"column":5}},"line":7},"3":{"name":"(anonymous_3)","decl":{"start":{"line":10,"column":38},"end":{"line":10,"column":39}},"loc":{"start":{"line":10,"column":44},"end":{"line":12,"column":5}},"line":10}},"branchMap":{},"s":{"0":3,"1":14,"2":14,"3":5,"4":0,"5":5,"6":0,"7":14},"f":{"0":14,"1":5,"2":0,"3":0},"b":{},"_coverageSchema":"1a1c01bbd47fc00a2c39e90264f33305004495a9","hash":"0c198ac5d2e46ce102ee9b8a6a628e20f01d5a92"}
}
