TN:
SF:src\components\Body.js
FN:9,(anonymous_0)
FN:16,(anonymous_1)
FN:20,(anonymous_2)
FN:22,(anonymous_3)
FN:26,(anonymous_4)
FN:27,(anonymous_5)
FN:48,(anonymous_6)
FN:53,(anonymous_7)
FN:60,(anonymous_8)
FN:74,(anonymous_9)
FNF:10
FNH:9
FNDA:9,(anonymous_0)
FNDA:4,(anonymous_1)
FNDA:1,(anonymous_2)
FNDA:9,(anonymous_3)
FNDA:1,(anonymous_4)
FNDA:9,(anonymous_5)
FNDA:1,(anonymous_6)
FNDA:1,(anonymous_7)
FNDA:0,(anonymous_8)
FNDA:33,(anonymous_9)
DA:9,1
DA:10,9
DA:11,9
DA:12,9
DA:13,9
DA:14,9
DA:15,9
DA:16,9
DA:17,4
DA:20,9
DA:21,1
DA:22,9
DA:24,1
DA:26,9
DA:27,1
DA:28,9
DA:30,1
DA:33,9
DA:34,0
DA:37,9
DA:48,1
DA:53,1
DA:60,0
DA:61,0
DA:75,33
LF:25
LH:22
BRDA:17,0,0,4
BRDA:17,0,1,2
BRDA:33,1,0,0
BRDA:33,1,1,9
BRDA:37,2,0,2
BRDA:37,2,1,7
BRDA:77,3,0,20
BRDA:77,3,1,13
BRF:8
BRH:7
end_of_record
TN:
SF:src\components\Header.js
FN:8,(anonymous_0)
FN:12,(anonymous_1)
FN:37,(anonymous_2)
FNF:3
FNH:3
FNDA:4,(anonymous_0)
FNDA:6,(anonymous_1)
FNDA:2,(anonymous_2)
DA:8,2
DA:9,4
DA:10,4
DA:11,4
DA:12,6
DA:14,4
DA:37,2
LF:7
LH:7
BRDA:21,0,0,4
BRDA:21,0,1,0
BRDA:37,1,0,1
BRDA:37,1,1,1
BRF:4
BRH:3
end_of_record
TN:
SF:src\components\ItemList.js
FN:6,(anonymous_0)
FN:10,(anonymous_1)
FN:38,(anonymous_2)
FN:48,(anonymous_3)
FN:58,(anonymous_4)
FN:59,(anonymous_5)
FNF:6
FNH:3
FNDA:270,(anonymous_0)
FNDA:0,(anonymous_1)
FNDA:0,(anonymous_2)
FNDA:0,(anonymous_3)
FNDA:1,(anonymous_4)
FNDA:270,(anonymous_5)
DA:6,1
DA:7,270
DA:8,270
DA:10,270
DA:11,0
DA:14,270
DA:38,0
DA:48,0
DA:58,1
DA:59,1
DA:60,270
DA:61,270
LF:12
LH:9
BRDA:7,0,0,270
BRDA:7,0,1,135
BRDA:17,1,0,236
BRDA:17,1,1,34
BRDA:28,2,0,270
BRDA:28,2,1,270
BRDA:44,3,0,270
BRDA:44,3,1,0
BRDA:63,4,0,270
BRDA:63,4,1,24
BRF:10
BRH:9
end_of_record
TN:
SF:src\components\RestaurantCard.js
FN:3,(anonymous_0)
FN:62,(anonymous_1)
FN:63,(anonymous_2)
FNF:3
FNH:3
FNDA:35,(anonymous_0)
FNDA:10,(anonymous_1)
FNDA:21,(anonymous_2)
DA:3,2
DA:8,35
DA:9,35
DA:62,2
DA:63,10
DA:64,21
LF:6
LH:6
BRF:0
BRH:0
end_of_record
TN:
SF:src\components\RestaurantMenu.js
FN:7,(anonymous_0)
FN:14,(anonymous_1)
FN:19,(anonymous_2)
FN:33,(anonymous_3)
FNF:4
FNH:4
FNDA:4,(anonymous_0)
FNDA:42,(anonymous_1)
FNDA:2,(anonymous_2)
FNDA:21,(anonymous_3)
DA:7,1
DA:8,4
DA:9,4
DA:10,4
DA:11,4
DA:13,3
DA:15,42
DA:19,3
DA:20,2
DA:21,1
DA:23,3
DA:34,21
LF:12
LH:12
BRDA:11,0,0,1
BRDA:11,0,1,3
BRDA:20,1,0,1
BRDA:20,1,1,1
BRDA:36,2,0,21
BRDA:36,2,1,21
BRDA:41,3,0,19
BRDA:41,3,1,2
BRF:8
BRH:8
end_of_record
TN:
SF:src\utils\UserContext.js
FN:3,(anonymous_0)
FNF:1
FNH:0
FNDA:0,(anonymous_0)
DA:3,3
LF:1
LH:1
BRF:0
BRH:0
end_of_record
TN:
SF:src\utils\appStore.js
FNF:0
FNH:0
DA:4,2
LF:1
LH:1
BRF:0
BRH:0
end_of_record
TN:
SF:src\utils\useOnlineStatus.js
FN:3,(anonymous_0)
FN:6,(anonymous_1)
FN:7,(anonymous_2)
FN:10,(anonymous_3)
FNF:4
FNH:2
FNDA:14,(anonymous_0)
FNDA:5,(anonymous_1)
FNDA:0,(anonymous_2)
FNDA:0,(anonymous_3)
DA:3,3
DA:4,14
DA:6,14
DA:7,5
DA:8,0
DA:10,5
DA:11,0
DA:15,14
LF:8
LH:6
BRF:0
BRH:0
end_of_record
